Using pre-set license
Built from '2021.3/staging' branch; Version is '2021.3.8f1 (b30333d56e81) revision 11731763'; Using compiler version '192829333'; Build Type 'Release'
OS: 'Windows 11  (10.0.22000) 64bit Core' Language: 'en' Physical Memory: 16169 MB
BatchMode: 1, IsHumanControllingUs: 0, StartBugReporterOnCrash: 0, Is64bit: 1, IsPro: 1

COMMAND LINE ARGUMENTS:
C:\Program Files\Unity\Hub\Editor\2021.3.8f1\Editor\Unity.exe
-adb2
-batchMode
-noUpm
-name
AssetImportWorker0
-projectPath
C:/Users/Bruger/XRD1-MaekerlessAR
-logFile
Logs/AssetImportWorker0.log
-srvPort
55910
Successfully changed project path to: C:/Users/Bruger/XRD1-MaekerlessAR
C:/Users/Bruger/XRD1-MaekerlessAR
[UnityMemory] Configuration Parameters - Can be set up in boot.config
    "memorysetup-bucket-allocator-granularity=16"
    "memorysetup-bucket-allocator-bucket-count=8"
    "memorysetup-bucket-allocator-block-size=33554432"
    "memorysetup-bucket-allocator-block-count=8"
    "memorysetup-main-allocator-block-size=16777216"
    "memorysetup-thread-allocator-block-size=16777216"
    "memorysetup-gfx-main-allocator-block-size=16777216"
    "memorysetup-gfx-thread-allocator-block-size=16777216"
    "memorysetup-cache-allocator-block-size=4194304"
    "memorysetup-typetree-allocator-block-size=2097152"
    "memorysetup-profiler-bucket-allocator-granularity=16"
    "memorysetup-profiler-bucket-allocator-bucket-count=8"
    "memorysetup-profiler-bucket-allocator-block-size=33554432"
    "memorysetup-profiler-bucket-allocator-block-count=8"
    "memorysetup-profiler-allocator-block-size=16777216"
    "memorysetup-profiler-editor-allocator-block-size=1048576"
    "memorysetup-temp-allocator-size-main=16777216"
    "memorysetup-job-temp-allocator-block-size=2097152"
    "memorysetup-job-temp-allocator-block-size-background=1048576"
    "memorysetup-job-temp-allocator-reduction-small-platforms=262144"
    "memorysetup-temp-allocator-size-background-worker=32768"
    "memorysetup-temp-allocator-size-job-worker=262144"
    "memorysetup-temp-allocator-size-preload-manager=33554432"
    "memorysetup-temp-allocator-size-nav-mesh-worker=65536"
    "memorysetup-temp-allocator-size-audio-worker=65536"
    "memorysetup-temp-allocator-size-cloud-worker=32768"
    "memorysetup-temp-allocator-size-gi-baking-worker=262144"
    "memorysetup-temp-allocator-size-gfx=262144"
Refreshing native plugins compatible for Editor in 302.19 ms, found 9 plugins.
Preloading 0 native plugins for Editor in 0.00 ms.
Initialize engine version: 2021.3.8f1 (b30333d56e81)
[Subsystems] Discovering subsystems at path C:/Program Files/Unity/Hub/Editor/2021.3.8f1/Editor/Data/Resources/UnitySubsystems
[Subsystems] Discovering subsystems at path C:/Users/Bruger/XRD1-MaekerlessAR/Assets
GfxDevice: creating device client; threaded=0; jobified=0
Direct3D:
    Version:  Direct3D 11.0 [level 11.1]
    Renderer: NVIDIA GeForce RTX 2070 (ID=0x1f14)
    Vendor:   NVIDIA
    VRAM:     8031 MB
    Driver:   31.0.15.1694
Initialize mono
Mono path[0] = 'C:/Program Files/Unity/Hub/Editor/2021.3.8f1/Editor/Data/Managed'
Mono path[1] = 'C:/Program Files/Unity/Hub/Editor/2021.3.8f1/Editor/Data/MonoBleedingEdge/lib/mono/unityjit-win32'
Mono config path = 'C:/Program Files/Unity/Hub/Editor/2021.3.8f1/Editor/Data/MonoBleedingEdge/etc'
Using monoOptions --debugger-agent=transport=dt_socket,embedding=1,server=y,suspend=n,address=127.0.0.1:56764
Begin MonoManager ReloadAssembly
Registering precompiled unity dll's ...
Register platform support module: C:/Program Files/Unity/Hub/Editor/2021.3.8f1/Editor/Data/PlaybackEngines/WebGLSupport/UnityEditor.WebGL.Extensions.dll
Register platform support module: C:/Program Files/Unity/Hub/Editor/2021.3.8f1/Editor/Data/PlaybackEngines/AndroidPlayer/UnityEditor.Android.Extensions.dll
Register platform support module: C:/Program Files/Unity/Hub/Editor/2021.3.8f1/Editor/Data/PlaybackEngines/WindowsStandaloneSupport/UnityEditor.WindowsStandalone.Extensions.dll
Registered in 0.007521 seconds.
Native extension for WindowsStandalone target not found
Native extension for Android target not found
Native extension for WebGL target not found
Refreshing native plugins compatible for Editor in 152.78 ms, found 9 plugins.
Preloading 0 native plugins for Editor in 0.00 ms.
Mono: successfully reloaded assembly
- Completed reload, in  0.913 seconds
Domain Reload Profiling:
	ReloadAssembly (913ms)
		BeginReloadAssembly (80ms)
			ExecutionOrderSort (0ms)
			DisableScriptedObjects (0ms)
			BackupInstance (0ms)
			ReleaseScriptingObjects (0ms)
			CreateAndSetChildDomain (1ms)
		EndReloadAssembly (686ms)
			LoadAssemblies (78ms)
			RebuildTransferFunctionScriptingTraits (0ms)
			SetupTypeCache (150ms)
			ReleaseScriptCaches (0ms)
			RebuildScriptCaches (39ms)
			SetupLoadedEditorAssemblies (429ms)
				LogAssemblyErrors (0ms)
				InitializePlatformSupportModulesInManaged (74ms)
				SetLoadedEditorAssemblies (0ms)
				RefreshPlugins (153ms)
				BeforeProcessingInitializeOnLoad (2ms)
				ProcessInitializeOnLoadAttributes (139ms)
				ProcessInitializeOnLoadMethodAttributes (60ms)
				AfterProcessingInitializeOnLoad (0ms)
				EditorAssembliesLoaded (0ms)
			ExecutionOrderSort2 (0ms)
			AwakeInstancesAfterBackupRestoration (0ms)
Platform modules already initialized, skipping
Registering precompiled user dll's ...
Registered in 0.010933 seconds.
Android Extension - Scanning For ADB Devices 4811 ms
Begin MonoManager ReloadAssembly
Symbol file LoadedFromMemory doesn't match image C:\Users\Bruger\XRD1-MaekerlessAR\Library\PackageCache\com.unity.visualscripting@1.7.8\Editor\VisualScripting.Core\Dependencies\DotNetZip\Unity.VisualScripting.IonicZip.dll
Symbol file LoadedFromMemory doesn't match image C:\Users\Bruger\XRD1-MaekerlessAR\Library\PackageCache\com.unity.visualscripting@1.7.8\Editor\VisualScripting.Core\Dependencies\YamlDotNet\Unity.VisualScripting.YamlDotNet.dll
Native extension for WindowsStandalone target not found
Native extension for Android target not found
Native extension for WebGL target not found
Refreshing native plugins compatible for Editor in 236.95 ms, found 9 plugins.
Preloading 0 native plugins for Editor in 0.00 ms.
Package Manager log level set to [2]
Mono: successfully reloaded assembly
- Completed reload, in  2.567 seconds
Domain Reload Profiling:
	ReloadAssembly (2569ms)
		BeginReloadAssembly (222ms)
			ExecutionOrderSort (0ms)
			DisableScriptedObjects (9ms)
			BackupInstance (0ms)
			ReleaseScriptingObjects (0ms)
			CreateAndSetChildDomain (46ms)
		EndReloadAssembly (2095ms)
			LoadAssemblies (165ms)
			RebuildTransferFunctionScriptingTraits (0ms)
			SetupTypeCache (589ms)
			ReleaseScriptCaches (1ms)
			RebuildScriptCaches (112ms)
			SetupLoadedEditorAssemblies (1129ms)
				LogAssemblyErrors (0ms)
				InitializePlatformSupportModulesInManaged (24ms)
				SetLoadedEditorAssemblies (0ms)
				RefreshPlugins (237ms)
				BeforeProcessingInitializeOnLoad (197ms)
				ProcessInitializeOnLoadAttributes (603ms)
				ProcessInitializeOnLoadMethodAttributes (54ms)
				AfterProcessingInitializeOnLoad (13ms)
				EditorAssembliesLoaded (0ms)
			ExecutionOrderSort2 (0ms)
			AwakeInstancesAfterBackupRestoration (11ms)
Platform modules already initialized, skipping
========================================================================
Worker process is ready to serve import requests
Launched and connected shader compiler UnityShaderCompiler.exe after 0.11 seconds
Refreshing native plugins compatible for Editor in 1.42 ms, found 9 plugins.
Preloading 0 native plugins for Editor in 0.00 ms.
Unloading 4539 Unused Serialized files (Serialized files now loaded: 0)
Unloading 51 unused Assets / (159.4 KB). Loaded Objects now: 4980.
Memory consumption went from 155.0 MB to 154.9 MB.
Total: 19.051900 ms (FindLiveObjects: 1.434100 ms CreateObjectMapping: 0.953700 ms MarkObjects: 16.358000 ms  DeleteObjects: 0.303900 ms)

AssetImportParameters requested are different than current active one (requested -> active):
  custom:video-decoder-ogg-theora: a1e56fd34408186e4bbccfd4996cb3dc -> 
  custom:container-muxer-webm: aa71ff27fc2769a1b78a27578f13a17b -> 
  custom:container-demuxer-webm: 4f35f7cbe854078d1ac9338744f61a02 -> 
  custom:video-encoder-webm-vp8: eb34c28f22e8b96e1ab97ce403110664 -> 
  custom:video-codec-MediaFoundation-h265: 746d11721c4dcdbdad8f713fa42b33f4 -> 
  custom:audio-encoder-webm-vorbis: bf7c407c2cedff20999df2af8eb42d56 -> 
  custom:framework-win-MediaFoundation: 216162199b28c13a410421893ffa2e32 -> 
  custom:container-demuxer-ogg: 62fdf1f143b41e24485cea50d1cbac27 -> 
  custom:video-decoder-webm-vp8: 9c59270c3fd7afecdb556c50c9e8de78 -> 
  custom:audio-decoder-ogg-vorbis: bf7c407c2cedff20999df2af8eb42d56 -> 
========================================================================
Received Import Request.
  Time since last request: 317422.837952 seconds.
  path: Assets/Materials
  artifactKey: Guid(4ebda35df0957d142835e6353c43c9c0) Importer(815301076,1909f56bfc062723c751e8b465ee728b)
Start importing Assets/Materials using Guid(4ebda35df0957d142835e6353c43c9c0) Importer(815301076,1909f56bfc062723c751e8b465ee728b)  -> (artifact id: '02a4057b379ae8aff2b443fd14f07eca') in 0.016916 seconds 
========================================================================
Received Import Request.
  Time since last request: 746.037453 seconds.
  path: Assets/ExampleAssets/Models/cube.fbx
  artifactKey: Guid(de4da3906a001624fabcc7838ddf2eb4) Importer(815301076,1909f56bfc062723c751e8b465ee728b)
Start importing Assets/ExampleAssets/Models/cube.fbx using Guid(de4da3906a001624fabcc7838ddf2eb4) Importer(815301076,1909f56bfc062723c751e8b465ee728b)  -> (artifact id: '28a5f5d3d2140285995f9deef7073ab0') in 0.342907 seconds 
========================================================================
Received Import Request.
  Time since last request: 215.300631 seconds.
  path: Assets/Solar System
  artifactKey: Guid(eeb97cf3bed8d7147a72f149e26cc656) Importer(815301076,1909f56bfc062723c751e8b465ee728b)
Start importing Assets/Solar System using Guid(eeb97cf3bed8d7147a72f149e26cc656) Importer(815301076,1909f56bfc062723c751e8b465ee728b)  -> (artifact id: 'd32d67596b5babb36c70787b92fc6226') in 0.019648 seconds 
========================================================================
Received Import Request.
  Time since last request: 39.330701 seconds.
  path: Assets/Solar System/地球2.jpg
  artifactKey: Guid(d4cfe74dab25112408f100eaed5880fc) Importer(815301076,1909f56bfc062723c751e8b465ee728b)
Start importing Assets/Solar System/地球2.jpg using Guid(d4cfe74dab25112408f100eaed5880fc) Importer(815301076,1909f56bfc062723c751e8b465ee728b)  -> (artifact id: '02295994ac543a5884adf6cb2dacec11') in 0.053580 seconds 
========================================================================
Received Import Request.
  Time since last request: 2.916162 seconds.
  path: Assets/Solar System/地球.jpg
  artifactKey: Guid(d4cfe74dab25112408f100eaed5880fc) Importer(815301076,1909f56bfc062723c751e8b465ee728b)
Start importing Assets/Solar System/地球.jpg using Guid(d4cfe74dab25112408f100eaed5880fc) Importer(815301076,1909f56bfc062723c751e8b465ee728b)  -> (artifact id: 'd76fdb63195e3d8d6b54da9903913d8d') in 0.016463 seconds 
========================================================================
Received Import Request.
  Time since last request: 0.017929 seconds.
  path: Assets/Solar System/土星.jpg
  artifactKey: Guid(23241888027fd7f4dbbf0444a22fac4c) Importer(815301076,1909f56bfc062723c751e8b465ee728b)
Start importing Assets/Solar System/土星.jpg using Guid(23241888027fd7f4dbbf0444a22fac4c) Importer(815301076,1909f56bfc062723c751e8b465ee728b)  -> (artifact id: '97f0f234580f3ff8a83a51694637d053') in 0.015207 seconds 
========================================================================
Received Import Request.
  Time since last request: 68.335459 seconds.
  path: Assets/Solar System/天王.jpg
  artifactKey: Guid(d4a4e33fa7fd7a94ab57ddf04dbc26b0) Importer(815301076,1909f56bfc062723c751e8b465ee728b)
Start importing Assets/Solar System/天王.jpg using Guid(d4a4e33fa7fd7a94ab57ddf04dbc26b0) Importer(815301076,1909f56bfc062723c751e8b465ee728b)  -> (artifact id: '71475f24fa8aa812792c02998d6c692b') in 0.033641 seconds 
========================================================================
Received Import Request.
  Time since last request: 22.331676 seconds.
  path: Assets/Solar System/木星.jpg
  artifactKey: Guid(f28843e99d558774fb83a4d05ee955f8) Importer(815301076,1909f56bfc062723c751e8b465ee728b)
Start importing Assets/Solar System/木星.jpg using Guid(f28843e99d558774fb83a4d05ee955f8) Importer(815301076,1909f56bfc062723c751e8b465ee728b)  -> (artifact id: 'c324a0199f40e59e55cf152314c5259c') in 0.015708 seconds 
========================================================================
Received Import Request.
  Time since last request: 0.690434 seconds.
  path: Assets/Solar System/水星.jpg
  artifactKey: Guid(24a5d25631073114d82e58d19571f43e) Importer(815301076,1909f56bfc062723c751e8b465ee728b)
Start importing Assets/Solar System/水星.jpg using Guid(24a5d25631073114d82e58d19571f43e) Importer(815301076,1909f56bfc062723c751e8b465ee728b)  -> (artifact id: 'ae587e19e97b6c88084f4133403cf257') in 0.015804 seconds 
========================================================================
Received Import Request.
  Time since last request: 1.505164 seconds.
  path: Assets/Solar System/海王.jpg
  artifactKey: Guid(d36f69da78bf7e5439aeed2ed9349022) Importer(815301076,1909f56bfc062723c751e8b465ee728b)
Start importing Assets/Solar System/海王.jpg using Guid(d36f69da78bf7e5439aeed2ed9349022) Importer(815301076,1909f56bfc062723c751e8b465ee728b)  -> (artifact id: 'be1723123c96c6b139ae6b080f7b076e') in 0.023445 seconds 
========================================================================
Received Import Request.
  Time since last request: 0.298175 seconds.
  path: Assets/Solar System/火星.jpg
  artifactKey: Guid(f3734073cd492ba42bbb78718ada3328) Importer(815301076,1909f56bfc062723c751e8b465ee728b)
Start importing Assets/Solar System/火星.jpg using Guid(f3734073cd492ba42bbb78718ada3328) Importer(815301076,1909f56bfc062723c751e8b465ee728b)  -> (artifact id: '2d0468e3c79e4bf77c4c1bc597a48b69') in 0.016106 seconds 
========================================================================
Received Import Request.
  Time since last request: 5.058759 seconds.
  path: Assets/Solar System/金星.jpg
  artifactKey: Guid(a0c6abca7b41c624faad5e8330e20924) Importer(815301076,1909f56bfc062723c751e8b465ee728b)
Start importing Assets/Solar System/金星.jpg using Guid(a0c6abca7b41c624faad5e8330e20924) Importer(815301076,1909f56bfc062723c751e8b465ee728b)  -> (artifact id: 'd39a325689c143d5957ba9f8db08d9de') in 0.016710 seconds 
========================================================================
Received Import Request.
  Time since last request: 544.816986 seconds.
  path: Assets/Solar System/Materials
  artifactKey: Guid(048bbc787a42e484f942c2ab00d556a8) Importer(815301076,1909f56bfc062723c751e8b465ee728b)
Start importing Assets/Solar System/Materials using Guid(048bbc787a42e484f942c2ab00d556a8) Importer(815301076,1909f56bfc062723c751e8b465ee728b)  -> (artifact id: '7bcb6e1651738faa427bf1c77fe9d4bd') in 0.005313 seconds 
========================================================================
Received Import Request.
  Time since last request: 8.410545 seconds.
  path: Assets
  artifactKey: Guid(00000000000000001000000000000000) Importer(815301076,1909f56bfc062723c751e8b465ee728b)
Start importing Assets using Guid(00000000000000001000000000000000) Importer(815301076,1909f56bfc062723c751e8b465ee728b)  -> (artifact id: '79842766b460edbeab6a34051e857a80') in 0.007910 seconds 
========================================================================
Received Import Request.
  Time since last request: 7.948942 seconds.
  path: Assets/Scripts.cs
  artifactKey: Guid(cd7b4ea2c801bd74ca5d446a0102fb0b) Importer(815301076,1909f56bfc062723c751e8b465ee728b)
Start importing Assets/Scripts.cs using Guid(cd7b4ea2c801bd74ca5d446a0102fb0b) Importer(815301076,1909f56bfc062723c751e8b465ee728b)  -> (artifact id: '9ffb60bfe84cbe05f5a6558e6a48ac26') in 0.014119 seconds 
========================================================================
Received Prepare
Registering precompiled user dll's ...
Registered in 0.020025 seconds.
Begin MonoManager ReloadAssembly
Symbol file LoadedFromMemory doesn't match image C:\Users\Bruger\XRD1-MaekerlessAR\Library\PackageCache\com.unity.visualscripting@1.7.8\Editor\VisualScripting.Core\Dependencies\DotNetZip\Unity.VisualScripting.IonicZip.dll
Symbol file LoadedFromMemory doesn't match image C:\Users\Bruger\XRD1-MaekerlessAR\Library\PackageCache\com.unity.visualscripting@1.7.8\Editor\VisualScripting.Core\Dependencies\YamlDotNet\Unity.VisualScripting.YamlDotNet.dll
Native extension for WindowsStandalone target not found
Native extension for Android target not found
Native extension for WebGL target not found
Refreshing native plugins compatible for Editor in 1.21 ms, found 9 plugins.
Preloading 0 native plugins for Editor in 0.00 ms.
Mono: successfully reloaded assembly
- Completed reload, in  1.829 seconds
Domain Reload Profiling:
	ReloadAssembly (1830ms)
		BeginReloadAssembly (224ms)
			ExecutionOrderSort (0ms)
			DisableScriptedObjects (5ms)
			BackupInstance (0ms)
			ReleaseScriptingObjects (0ms)
			CreateAndSetChildDomain (86ms)
		EndReloadAssembly (1433ms)
			LoadAssemblies (119ms)
			RebuildTransferFunctionScriptingTraits (0ms)
			SetupTypeCache (516ms)
			ReleaseScriptCaches (2ms)
			RebuildScriptCaches (105ms)
			SetupLoadedEditorAssemblies (583ms)
				LogAssemblyErrors (0ms)
				InitializePlatformSupportModulesInManaged (40ms)
				SetLoadedEditorAssemblies (1ms)
				RefreshPlugins (1ms)
				BeforeProcessingInitializeOnLoad (121ms)
				ProcessInitializeOnLoadAttributes (364ms)
				ProcessInitializeOnLoadMethodAttributes (45ms)
				AfterProcessingInitializeOnLoad (9ms)
				EditorAssembliesLoaded (0ms)
			ExecutionOrderSort2 (0ms)
			AwakeInstancesAfterBackupRestoration (8ms)
Platform modules already initialized, skipping
Refreshing native plugins compatible for Editor in 5.09 ms, found 9 plugins.
Preloading 0 native plugins for Editor in 0.00 ms.
Unloading 4520 Unused Serialized files (Serialized files now loaded: 0)
Unloading 41 unused Assets / (126.7 KB). Loaded Objects now: 5030.
Memory consumption went from 159.3 MB to 159.2 MB.
Total: 4.426700 ms (FindLiveObjects: 0.370900 ms CreateObjectMapping: 0.277700 ms MarkObjects: 3.654300 ms  DeleteObjects: 0.122800 ms)

AssetImportParameters requested are different than current active one (requested -> active):
  custom:video-decoder-ogg-theora: a1e56fd34408186e4bbccfd4996cb3dc -> 
  custom:container-muxer-webm: aa71ff27fc2769a1b78a27578f13a17b -> 
  custom:container-demuxer-webm: 4f35f7cbe854078d1ac9338744f61a02 -> 
  custom:video-encoder-webm-vp8: eb34c28f22e8b96e1ab97ce403110664 -> 
  custom:video-codec-MediaFoundation-h265: 746d11721c4dcdbdad8f713fa42b33f4 -> 
  custom:audio-encoder-webm-vorbis: bf7c407c2cedff20999df2af8eb42d56 -> 
  custom:framework-win-MediaFoundation: 216162199b28c13a410421893ffa2e32 -> 
  custom:container-demuxer-ogg: 62fdf1f143b41e24485cea50d1cbac27 -> 
  custom:video-decoder-webm-vp8: 9c59270c3fd7afecdb556c50c9e8de78 -> 
  custom:audio-decoder-ogg-vorbis: bf7c407c2cedff20999df2af8eb42d56 -> 
========================================================================
Received Prepare
Registering precompiled user dll's ...
Registered in 0.009259 seconds.
Begin MonoManager ReloadAssembly
Symbol file LoadedFromMemory doesn't match image C:\Users\Bruger\XRD1-MaekerlessAR\Library\PackageCache\com.unity.visualscripting@1.7.8\Editor\VisualScripting.Core\Dependencies\DotNetZip\Unity.VisualScripting.IonicZip.dll
Symbol file LoadedFromMemory doesn't match image C:\Users\Bruger\XRD1-MaekerlessAR\Library\PackageCache\com.unity.visualscripting@1.7.8\Editor\VisualScripting.Core\Dependencies\YamlDotNet\Unity.VisualScripting.YamlDotNet.dll
Native extension for WindowsStandalone target not found
Native extension for Android target not found
Native extension for WebGL target not found
Refreshing native plugins compatible for Editor in 1.10 ms, found 9 plugins.
Preloading 0 native plugins for Editor in 0.00 ms.
Mono: successfully reloaded assembly
- Completed reload, in  1.501 seconds
Domain Reload Profiling:
	ReloadAssembly (1501ms)
		BeginReloadAssembly (148ms)
			ExecutionOrderSort (0ms)
			DisableScriptedObjects (5ms)
			BackupInstance (0ms)
			ReleaseScriptingObjects (0ms)
			CreateAndSetChildDomain (47ms)
		EndReloadAssembly (1231ms)
			LoadAssemblies (94ms)
			RebuildTransferFunctionScriptingTraits (0ms)
			SetupTypeCache (414ms)
			ReleaseScriptCaches (2ms)
			RebuildScriptCaches (65ms)
			SetupLoadedEditorAssemblies (569ms)
				LogAssemblyErrors (0ms)
				InitializePlatformSupportModulesInManaged (33ms)
				SetLoadedEditorAssemblies (1ms)
				RefreshPlugins (1ms)
				BeforeProcessingInitializeOnLoad (126ms)
				ProcessInitializeOnLoadAttributes (360ms)
				ProcessInitializeOnLoadMethodAttributes (40ms)
				AfterProcessingInitializeOnLoad (8ms)
				EditorAssembliesLoaded (0ms)
			ExecutionOrderSort2 (0ms)
			AwakeInstancesAfterBackupRestoration (7ms)
Platform modules already initialized, skipping
Refreshing native plugins compatible for Editor in 6.63 ms, found 9 plugins.
Preloading 0 native plugins for Editor in 0.00 ms.
Unloading 4520 Unused Serialized files (Serialized files now loaded: 0)
Unloading 41 unused Assets / (126.5 KB). Loaded Objects now: 5034.
Memory consumption went from 159.3 MB to 159.2 MB.
Total: 4.699500 ms (FindLiveObjects: 0.412600 ms CreateObjectMapping: 0.327100 ms MarkObjects: 3.816700 ms  DeleteObjects: 0.141900 ms)

AssetImportParameters requested are different than current active one (requested -> active):
  custom:video-decoder-ogg-theora: a1e56fd34408186e4bbccfd4996cb3dc -> 
  custom:container-muxer-webm: aa71ff27fc2769a1b78a27578f13a17b -> 
  custom:container-demuxer-webm: 4f35f7cbe854078d1ac9338744f61a02 -> 
  custom:video-encoder-webm-vp8: eb34c28f22e8b96e1ab97ce403110664 -> 
  custom:video-codec-MediaFoundation-h265: 746d11721c4dcdbdad8f713fa42b33f4 -> 
  custom:audio-encoder-webm-vorbis: bf7c407c2cedff20999df2af8eb42d56 -> 
  custom:framework-win-MediaFoundation: 216162199b28c13a410421893ffa2e32 -> 
  custom:container-demuxer-ogg: 62fdf1f143b41e24485cea50d1cbac27 -> 
  custom:video-decoder-webm-vp8: 9c59270c3fd7afecdb556c50c9e8de78 -> 
  custom:audio-decoder-ogg-vorbis: bf7c407c2cedff20999df2af8eb42d56 -> 
========================================================================
Received Prepare
Registering precompiled user dll's ...
Registered in 0.011354 seconds.
Begin MonoManager ReloadAssembly
Symbol file LoadedFromMemory doesn't match image C:\Users\Bruger\XRD1-MaekerlessAR\Library\PackageCache\com.unity.visualscripting@1.7.8\Editor\VisualScripting.Core\Dependencies\DotNetZip\Unity.VisualScripting.IonicZip.dll
Symbol file LoadedFromMemory doesn't match image C:\Users\Bruger\XRD1-MaekerlessAR\Library\PackageCache\com.unity.visualscripting@1.7.8\Editor\VisualScripting.Core\Dependencies\YamlDotNet\Unity.VisualScripting.YamlDotNet.dll
Native extension for WindowsStandalone target not found
Native extension for Android target not found
Native extension for WebGL target not found
Refreshing native plugins compatible for Editor in 1.03 ms, found 9 plugins.
Preloading 0 native plugins for Editor in 0.00 ms.
Mono: successfully reloaded assembly
- Completed reload, in  1.657 seconds
Domain Reload Profiling:
	ReloadAssembly (1658ms)
		BeginReloadAssembly (159ms)
			ExecutionOrderSort (0ms)
			DisableScriptedObjects (5ms)
			BackupInstance (0ms)
			ReleaseScriptingObjects (0ms)
			CreateAndSetChildDomain (44ms)
		EndReloadAssembly (1323ms)
			LoadAssemblies (113ms)
			RebuildTransferFunctionScriptingTraits (0ms)
			SetupTypeCache (455ms)
			ReleaseScriptCaches (7ms)
			RebuildScriptCaches (107ms)
			SetupLoadedEditorAssemblies (491ms)
				LogAssemblyErrors (0ms)
				InitializePlatformSupportModulesInManaged (28ms)
				SetLoadedEditorAssemblies (1ms)
				RefreshPlugins (1ms)
				BeforeProcessingInitializeOnLoad (106ms)
				ProcessInitializeOnLoadAttributes (315ms)
				ProcessInitializeOnLoadMethodAttributes (33ms)
				AfterProcessingInitializeOnLoad (7ms)
				EditorAssembliesLoaded (0ms)
			ExecutionOrderSort2 (0ms)
			AwakeInstancesAfterBackupRestoration (6ms)
Platform modules already initialized, skipping
Refreshing native plugins compatible for Editor in 6.13 ms, found 9 plugins.
Preloading 0 native plugins for Editor in 0.00 ms.
Unloading 4520 Unused Serialized files (Serialized files now loaded: 0)
Unloading 41 unused Assets / (126.8 KB). Loaded Objects now: 5038.
Memory consumption went from 159.3 MB to 159.2 MB.
Total: 4.522600 ms (FindLiveObjects: 0.396500 ms CreateObjectMapping: 0.317200 ms MarkObjects: 3.643900 ms  DeleteObjects: 0.163900 ms)

AssetImportParameters requested are different than current active one (requested -> active):
  custom:video-decoder-ogg-theora: a1e56fd34408186e4bbccfd4996cb3dc -> 
  custom:container-muxer-webm: aa71ff27fc2769a1b78a27578f13a17b -> 
  custom:container-demuxer-webm: 4f35f7cbe854078d1ac9338744f61a02 -> 
  custom:video-encoder-webm-vp8: eb34c28f22e8b96e1ab97ce403110664 -> 
  custom:video-codec-MediaFoundation-h265: 746d11721c4dcdbdad8f713fa42b33f4 -> 
  custom:audio-encoder-webm-vorbis: bf7c407c2cedff20999df2af8eb42d56 -> 
  custom:framework-win-MediaFoundation: 216162199b28c13a410421893ffa2e32 -> 
  custom:container-demuxer-ogg: 62fdf1f143b41e24485cea50d1cbac27 -> 
  custom:video-decoder-webm-vp8: 9c59270c3fd7afecdb556c50c9e8de78 -> 
  custom:audio-decoder-ogg-vorbis: bf7c407c2cedff20999df2af8eb42d56 -> 
========================================================================
Received Import Request.
  Time since last request: 50.756735 seconds.
  path: Assets/Scripts
  artifactKey: Guid(369a3a74a77076c4b897fcb556368079) Importer(815301076,1909f56bfc062723c751e8b465ee728b)
Start importing Assets/Scripts using Guid(369a3a74a77076c4b897fcb556368079) Importer(815301076,1909f56bfc062723c751e8b465ee728b)  -> (artifact id: 'f1171f4cd4038b5f96f6f0963d00f288') in 0.010914 seconds 
========================================================================
Received Import Request.
  Time since last request: 16.207197 seconds.
  path: Assets/Scripts/retote.cs
  artifactKey: Guid(cbd2521b37a9c4b4a97539f8dd3aec2f) Importer(815301076,1909f56bfc062723c751e8b465ee728b)
Start importing Assets/Scripts/retote.cs using Guid(cbd2521b37a9c4b4a97539f8dd3aec2f) Importer(815301076,1909f56bfc062723c751e8b465ee728b)  -> (artifact id: 'b3b2013b775bde959c425b8f5f9e7da0') in 0.007818 seconds 
========================================================================
Received Prepare
Registering precompiled user dll's ...
Registered in 0.012548 seconds.
Begin MonoManager ReloadAssembly
Symbol file LoadedFromMemory doesn't match image C:\Users\Bruger\XRD1-MaekerlessAR\Library\PackageCache\com.unity.visualscripting@1.7.8\Editor\VisualScripting.Core\Dependencies\DotNetZip\Unity.VisualScripting.IonicZip.dll
Symbol file LoadedFromMemory doesn't match image C:\Users\Bruger\XRD1-MaekerlessAR\Library\PackageCache\com.unity.visualscripting@1.7.8\Editor\VisualScripting.Core\Dependencies\YamlDotNet\Unity.VisualScripting.YamlDotNet.dll
Native extension for WindowsStandalone target not found
Native extension for Android target not found
Native extension for WebGL target not found
Refreshing native plugins compatible for Editor in 1.08 ms, found 9 plugins.
Preloading 0 native plugins for Editor in 0.00 ms.
Mono: successfully reloaded assembly
- Completed reload, in  2.055 seconds
Domain Reload Profiling:
	ReloadAssembly (2056ms)
		BeginReloadAssembly (188ms)
			ExecutionOrderSort (0ms)
			DisableScriptedObjects (6ms)
			BackupInstance (0ms)
			ReleaseScriptingObjects (0ms)
			CreateAndSetChildDomain (52ms)
		EndReloadAssembly (1713ms)
			LoadAssemblies (121ms)
			RebuildTransferFunctionScriptingTraits (0ms)
			SetupTypeCache (482ms)
			ReleaseScriptCaches (3ms)
			RebuildScriptCaches (242ms)
			SetupLoadedEditorAssemblies (768ms)
				LogAssemblyErrors (0ms)
				InitializePlatformSupportModulesInManaged (29ms)
				SetLoadedEditorAssemblies (1ms)
				RefreshPlugins (1ms)
				BeforeProcessingInitializeOnLoad (127ms)
				ProcessInitializeOnLoadAttributes (553ms)
				ProcessInitializeOnLoadMethodAttributes (50ms)
				AfterProcessingInitializeOnLoad (8ms)
				EditorAssembliesLoaded (0ms)
			ExecutionOrderSort2 (0ms)
			AwakeInstancesAfterBackupRestoration (7ms)
Platform modules already initialized, skipping
Refreshing native plugins compatible for Editor in 5.92 ms, found 9 plugins.
Preloading 0 native plugins for Editor in 0.00 ms.
Unloading 4521 Unused Serialized files (Serialized files now loaded: 0)
Unloading 41 unused Assets / (126.6 KB). Loaded Objects now: 5043.
Memory consumption went from 159.4 MB to 159.2 MB.
Total: 4.951900 ms (FindLiveObjects: 0.418000 ms CreateObjectMapping: 0.343300 ms MarkObjects: 4.051700 ms  DeleteObjects: 0.137500 ms)

AssetImportParameters requested are different than current active one (requested -> active):
  custom:video-decoder-ogg-theora: a1e56fd34408186e4bbccfd4996cb3dc -> 
  custom:container-muxer-webm: aa71ff27fc2769a1b78a27578f13a17b -> 
  custom:container-demuxer-webm: 4f35f7cbe854078d1ac9338744f61a02 -> 
  custom:video-encoder-webm-vp8: eb34c28f22e8b96e1ab97ce403110664 -> 
  custom:video-codec-MediaFoundation-h265: 746d11721c4dcdbdad8f713fa42b33f4 -> 
  custom:audio-encoder-webm-vorbis: bf7c407c2cedff20999df2af8eb42d56 -> 
  custom:framework-win-MediaFoundation: 216162199b28c13a410421893ffa2e32 -> 
  custom:container-demuxer-ogg: 62fdf1f143b41e24485cea50d1cbac27 -> 
  custom:video-decoder-webm-vp8: 9c59270c3fd7afecdb556c50c9e8de78 -> 
  custom:audio-decoder-ogg-vorbis: bf7c407c2cedff20999df2af8eb42d56 -> 
========================================================================
Received Import Request.
  Time since last request: 12.503968 seconds.
  path: Assets/Scripts/retate.cs
  artifactKey: Guid(cbd2521b37a9c4b4a97539f8dd3aec2f) Importer(815301076,1909f56bfc062723c751e8b465ee728b)
Start importing Assets/Scripts/retate.cs using Guid(cbd2521b37a9c4b4a97539f8dd3aec2f) Importer(815301076,1909f56bfc062723c751e8b465ee728b)  -> (artifact id: 'eadcbdea552067bce83314d340be3884') in 0.011775 seconds 
========================================================================
Received Import Request.
  Time since last request: 1.272580 seconds.
  path: Assets/Scripts/revolve.cs
  artifactKey: Guid(cd7b4ea2c801bd74ca5d446a0102fb0b) Importer(815301076,1909f56bfc062723c751e8b465ee728b)
Start importing Assets/Scripts/revolve.cs using Guid(cd7b4ea2c801bd74ca5d446a0102fb0b) Importer(815301076,1909f56bfc062723c751e8b465ee728b)  -> (artifact id: '25851c331bfcea5b572b5c068763855c') in 0.006449 seconds 
========================================================================
Received Prepare
Registering precompiled user dll's ...
Registered in 0.012717 seconds.
Begin MonoManager ReloadAssembly
Symbol file LoadedFromMemory doesn't match image C:\Users\Bruger\XRD1-MaekerlessAR\Library\PackageCache\com.unity.visualscripting@1.7.8\Editor\VisualScripting.Core\Dependencies\DotNetZip\Unity.VisualScripting.IonicZip.dll
Symbol file LoadedFromMemory doesn't match image C:\Users\Bruger\XRD1-MaekerlessAR\Library\PackageCache\com.unity.visualscripting@1.7.8\Editor\VisualScripting.Core\Dependencies\YamlDotNet\Unity.VisualScripting.YamlDotNet.dll
Native extension for WindowsStandalone target not found
Native extension for Android target not found
Native extension for WebGL target not found
Refreshing native plugins compatible for Editor in 1.12 ms, found 9 plugins.
Preloading 0 native plugins for Editor in 0.00 ms.
Mono: successfully reloaded assembly
- Completed reload, in  1.698 seconds
Domain Reload Profiling:
	ReloadAssembly (1699ms)
		BeginReloadAssembly (156ms)
			ExecutionOrderSort (0ms)
			DisableScriptedObjects (6ms)
			BackupInstance (0ms)
			ReleaseScriptingObjects (0ms)
			CreateAndSetChildDomain (42ms)
		EndReloadAssembly (1340ms)
			LoadAssemblies (113ms)
			RebuildTransferFunctionScriptingTraits (0ms)
			SetupTypeCache (481ms)
			ReleaseScriptCaches (3ms)
			RebuildScriptCaches (100ms)
			SetupLoadedEditorAssemblies (535ms)
				LogAssemblyErrors (0ms)
				InitializePlatformSupportModulesInManaged (36ms)
				SetLoadedEditorAssemblies (1ms)
				RefreshPlugins (1ms)
				BeforeProcessingInitializeOnLoad (118ms)
				ProcessInitializeOnLoadAttributes (337ms)
				ProcessInitializeOnLoadMethodAttributes (34ms)
				AfterProcessingInitializeOnLoad (7ms)
				EditorAssembliesLoaded (0ms)
			ExecutionOrderSort2 (0ms)
			AwakeInstancesAfterBackupRestoration (6ms)
Platform modules already initialized, skipping
Refreshing native plugins compatible for Editor in 5.33 ms, found 9 plugins.
Preloading 0 native plugins for Editor in 0.00 ms.
Unloading 4521 Unused Serialized files (Serialized files now loaded: 0)
Unloading 41 unused Assets / (126.7 KB). Loaded Objects now: 5047.
Memory consumption went from 159.4 MB to 159.3 MB.
Total: 4.244400 ms (FindLiveObjects: 0.417400 ms CreateObjectMapping: 0.334200 ms MarkObjects: 3.365300 ms  DeleteObjects: 0.126300 ms)

AssetImportParameters requested are different than current active one (requested -> active):
  custom:video-decoder-ogg-theora: a1e56fd34408186e4bbccfd4996cb3dc -> 
  custom:container-muxer-webm: aa71ff27fc2769a1b78a27578f13a17b -> 
  custom:container-demuxer-webm: 4f35f7cbe854078d1ac9338744f61a02 -> 
  custom:video-encoder-webm-vp8: eb34c28f22e8b96e1ab97ce403110664 -> 
  custom:video-codec-MediaFoundation-h265: 746d11721c4dcdbdad8f713fa42b33f4 -> 
  custom:audio-encoder-webm-vorbis: bf7c407c2cedff20999df2af8eb42d56 -> 
  custom:framework-win-MediaFoundation: 216162199b28c13a410421893ffa2e32 -> 
  custom:container-demuxer-ogg: 62fdf1f143b41e24485cea50d1cbac27 -> 
  custom:video-decoder-webm-vp8: 9c59270c3fd7afecdb556c50c9e8de78 -> 
  custom:audio-decoder-ogg-vorbis: bf7c407c2cedff20999df2af8eb42d56 -> 
========================================================================
Received Prepare
Registering precompiled user dll's ...
Registered in 0.022232 seconds.
Begin MonoManager ReloadAssembly
Symbol file LoadedFromMemory doesn't match image C:\Users\Bruger\XRD1-MaekerlessAR\Library\PackageCache\com.unity.visualscripting@1.7.8\Editor\VisualScripting.Core\Dependencies\DotNetZip\Unity.VisualScripting.IonicZip.dll
Symbol file LoadedFromMemory doesn't match image C:\Users\Bruger\XRD1-MaekerlessAR\Library\PackageCache\com.unity.visualscripting@1.7.8\Editor\VisualScripting.Core\Dependencies\YamlDotNet\Unity.VisualScripting.YamlDotNet.dll
Native extension for WindowsStandalone target not found
Native extension for Android target not found
Native extension for WebGL target not found
Refreshing native plugins compatible for Editor in 1.23 ms, found 9 plugins.
Preloading 0 native plugins for Editor in 0.00 ms.
Mono: successfully reloaded assembly
- Completed reload, in  1.921 seconds
Domain Reload Profiling:
	ReloadAssembly (1922ms)
		BeginReloadAssembly (207ms)
			ExecutionOrderSort (0ms)
			DisableScriptedObjects (11ms)
			BackupInstance (0ms)
			ReleaseScriptingObjects (0ms)
			CreateAndSetChildDomain (61ms)
		EndReloadAssembly (1526ms)
			LoadAssemblies (123ms)
			RebuildTransferFunctionScriptingTraits (0ms)
			SetupTypeCache (461ms)
			ReleaseScriptCaches (2ms)
			RebuildScriptCaches (62ms)
			SetupLoadedEditorAssemblies (783ms)
				LogAssemblyErrors (0ms)
				InitializePlatformSupportModulesInManaged (38ms)
				SetLoadedEditorAssemblies (1ms)
				RefreshPlugins (1ms)
				BeforeProcessingInitializeOnLoad (152ms)
				ProcessInitializeOnLoadAttributes (532ms)
				ProcessInitializeOnLoadMethodAttributes (51ms)
				AfterProcessingInitializeOnLoad (8ms)
				EditorAssembliesLoaded (0ms)
			ExecutionOrderSort2 (0ms)
			AwakeInstancesAfterBackupRestoration (8ms)
Platform modules already initialized, skipping
Refreshing native plugins compatible for Editor in 5.23 ms, found 9 plugins.
Preloading 0 native plugins for Editor in 0.00 ms.
Unloading 4521 Unused Serialized files (Serialized files now loaded: 0)
Unloading 43 unused Assets / (126.8 KB). Loaded Objects now: 5051.
Memory consumption went from 159.4 MB to 159.3 MB.
Total: 4.005400 ms (FindLiveObjects: 0.367300 ms CreateObjectMapping: 0.305900 ms MarkObjects: 3.199700 ms  DeleteObjects: 0.131700 ms)

AssetImportParameters requested are different than current active one (requested -> active):
  custom:video-decoder-ogg-theora: a1e56fd34408186e4bbccfd4996cb3dc -> 
  custom:container-muxer-webm: aa71ff27fc2769a1b78a27578f13a17b -> 
  custom:container-demuxer-webm: 4f35f7cbe854078d1ac9338744f61a02 -> 
  custom:video-encoder-webm-vp8: eb34c28f22e8b96e1ab97ce403110664 -> 
  custom:video-codec-MediaFoundation-h265: 746d11721c4dcdbdad8f713fa42b33f4 -> 
  custom:audio-encoder-webm-vorbis: bf7c407c2cedff20999df2af8eb42d56 -> 
  custom:framework-win-MediaFoundation: 216162199b28c13a410421893ffa2e32 -> 
  custom:container-demuxer-ogg: 62fdf1f143b41e24485cea50d1cbac27 -> 
  custom:video-decoder-webm-vp8: 9c59270c3fd7afecdb556c50c9e8de78 -> 
  custom:audio-decoder-ogg-vorbis: bf7c407c2cedff20999df2af8eb42d56 -> 
========================================================================
Received Import Request.
  Time since last request: 529.227947 seconds.
  path: Assets/Solar System/太阳.PNG
  artifactKey: Guid(521a11faa28758c4a82a233bb33fc370) Importer(815301076,1909f56bfc062723c751e8b465ee728b)
Start importing Assets/Solar System/太阳.PNG using Guid(521a11faa28758c4a82a233bb33fc370) Importer(815301076,1909f56bfc062723c751e8b465ee728b)  -> (artifact id: 'cf119c641ef659b6c47ed60f2339f2cd') in 0.080987 seconds 
========================================================================
Received Import Request.
  Time since last request: 5.468299 seconds.
  path: Assets/Solar System/Solar.PNG
  artifactKey: Guid(521a11faa28758c4a82a233bb33fc370) Importer(815301076,1909f56bfc062723c751e8b465ee728b)
Start importing Assets/Solar System/Solar.PNG using Guid(521a11faa28758c4a82a233bb33fc370) Importer(815301076,1909f56bfc062723c751e8b465ee728b)  -> (artifact id: '19c4e4f9bb69716daf6dc9ee8d868d75') in 0.016098 seconds 
========================================================================
Received Import Request.
  Time since last request: 19.370420 seconds.
  path: Assets/Solar System/Mercury.jpg
  artifactKey: Guid(24a5d25631073114d82e58d19571f43e) Importer(815301076,1909f56bfc062723c751e8b465ee728b)
Start importing Assets/Solar System/Mercury.jpg using Guid(24a5d25631073114d82e58d19571f43e) Importer(815301076,1909f56bfc062723c751e8b465ee728b)  -> (artifact id: '0fc42b660fca3be1a1f73f5072f4602c') in 0.014084 seconds 
========================================================================
Received Import Request.
  Time since last request: 12.102438 seconds.
  path: Assets/Solar System/Venus.jpg
  artifactKey: Guid(a0c6abca7b41c624faad5e8330e20924) Importer(815301076,1909f56bfc062723c751e8b465ee728b)
Start importing Assets/Solar System/Venus.jpg using Guid(a0c6abca7b41c624faad5e8330e20924) Importer(815301076,1909f56bfc062723c751e8b465ee728b)  -> (artifact id: 'aafeff47df292215ce32df0a71068f74') in 0.018273 seconds 
========================================================================
Received Import Request.
  Time since last request: 16.389219 seconds.
  path: Assets/Solar System/Earth.jpg
  artifactKey: Guid(d4cfe74dab25112408f100eaed5880fc) Importer(815301076,1909f56bfc062723c751e8b465ee728b)
Start importing Assets/Solar System/Earth.jpg using Guid(d4cfe74dab25112408f100eaed5880fc) Importer(815301076,1909f56bfc062723c751e8b465ee728b)  -> (artifact id: '464b76ee0a54bb6fe896814ffa3a0814') in 0.018017 seconds 
========================================================================
Received Import Request.
  Time since last request: 0.013906 seconds.
  path: Assets/Solar System/月亮.PNG
  artifactKey: Guid(058419348b4f5b24a84b0454177dcf36) Importer(815301076,1909f56bfc062723c751e8b465ee728b)
Start importing Assets/Solar System/月亮.PNG using Guid(058419348b4f5b24a84b0454177dcf36) Importer(815301076,1909f56bfc062723c751e8b465ee728b)  -> (artifact id: '026413d9a09582f82d575f75fc6e8444') in 0.015518 seconds 
========================================================================
Received Import Request.
  Time since last request: 5.291716 seconds.
  path: Assets/Solar System/Moon.PNG
  artifactKey: Guid(058419348b4f5b24a84b0454177dcf36) Importer(815301076,1909f56bfc062723c751e8b465ee728b)
Start importing Assets/Solar System/Moon.PNG using Guid(058419348b4f5b24a84b0454177dcf36) Importer(815301076,1909f56bfc062723c751e8b465ee728b)  -> (artifact id: 'b46fb13ac3fdad55acbf1ac04acab1f6') in 0.015189 seconds 
========================================================================
Received Import Request.
  Time since last request: 11.137852 seconds.
  path: Assets/Solar System/Mars.jpg
  artifactKey: Guid(f3734073cd492ba42bbb78718ada3328) Importer(815301076,1909f56bfc062723c751e8b465ee728b)
Start importing Assets/Solar System/Mars.jpg using Guid(f3734073cd492ba42bbb78718ada3328) Importer(815301076,1909f56bfc062723c751e8b465ee728b)  -> (artifact id: '65c581fb6838a45724358980c7962ef0') in 0.016917 seconds 
========================================================================
Received Import Request.
  Time since last request: 12.493368 seconds.
  path: Assets/Solar System/Jupitar.jpg
  artifactKey: Guid(f28843e99d558774fb83a4d05ee955f8) Importer(815301076,1909f56bfc062723c751e8b465ee728b)
Start importing Assets/Solar System/Jupitar.jpg using Guid(f28843e99d558774fb83a4d05ee955f8) Importer(815301076,1909f56bfc062723c751e8b465ee728b)  -> (artifact id: 'c141bc85e9e3af14b546df8ae0362925') in 0.016552 seconds 
========================================================================
Received Import Request.
  Time since last request: 12.670652 seconds.
  path: Assets/Solar System/Saturn.jpg
  artifactKey: Guid(23241888027fd7f4dbbf0444a22fac4c) Importer(815301076,1909f56bfc062723c751e8b465ee728b)
Start importing Assets/Solar System/Saturn.jpg using Guid(23241888027fd7f4dbbf0444a22fac4c) Importer(815301076,1909f56bfc062723c751e8b465ee728b)  -> (artifact id: '4e7d618a9bae56aceba3890c8d9aa838') in 0.016670 seconds 
========================================================================
Received Import Request.
  Time since last request: 16.098622 seconds.
  path: Assets/Solar System/Uranus.jpg
  artifactKey: Guid(d4a4e33fa7fd7a94ab57ddf04dbc26b0) Importer(815301076,1909f56bfc062723c751e8b465ee728b)
Start importing Assets/Solar System/Uranus.jpg using Guid(d4a4e33fa7fd7a94ab57ddf04dbc26b0) Importer(815301076,1909f56bfc062723c751e8b465ee728b)  -> (artifact id: '820b3dfe8d2d93dcb1d5f9cf65b40884') in 0.019508 seconds 
========================================================================
Received Import Request.
  Time since last request: 9.684192 seconds.
  path: Assets/Solar System/Neptune.jpg
  artifactKey: Guid(d36f69da78bf7e5439aeed2ed9349022) Importer(815301076,1909f56bfc062723c751e8b465ee728b)
Start importing Assets/Solar System/Neptune.jpg using Guid(d36f69da78bf7e5439aeed2ed9349022) Importer(815301076,1909f56bfc062723c751e8b465ee728b)  -> (artifact id: '124a3dc7d30f9c3eafd3ea867fb68ae5') in 0.015996 seconds 
========================================================================
Received Import Request.
  Time since last request: 229.165804 seconds.
  path: Assets/Scripts/revolve.cs
  artifactKey: Guid(9091a044e7ee53740b0be510d9827429) Importer(815301076,1909f56bfc062723c751e8b465ee728b)
Start importing Assets/Scripts/revolve.cs using Guid(9091a044e7ee53740b0be510d9827429) Importer(815301076,1909f56bfc062723c751e8b465ee728b)  -> (artifact id: 'a6f1ceab088cdeb6fdfb6dc9fa7b2d34') in 0.006569 seconds 
========================================================================
Received Import Request.
  Time since last request: 10.234442 seconds.
  path: Assets/Scripts/rotate.cs
  artifactKey: Guid(fe9e696750830c74783aa68009458e0f) Importer(815301076,1909f56bfc062723c751e8b465ee728b)
Start importing Assets/Scripts/rotate.cs using Guid(fe9e696750830c74783aa68009458e0f) Importer(815301076,1909f56bfc062723c751e8b465ee728b)  -> (artifact id: '120fc3099c9d450e86874b148051e78a') in 0.006495 seconds 
